objc[91579]: Class NSURLSessionDelegate is implemented in both /Library/Developer/CoreSimulator/Volumes/iOS_21A342/Library/Developer/CoreSimulator/Profiles/Runtimes/iOS 17.0.simruntime/Contents/Resources/RuntimeRoot/System/Library/PrivateFrameworks/NetworkServiceProxy.framework/NetworkServiceProxy (0x7ff866392978) and /Users/Devbasis/Library/Developer/CoreSimulator/Devices/F049685D-91C5-49F2-8607-34AFE6A5AF56/data/Containers/Bundle/Application/82B0E693-3D56-4C79-98BF-5CAAD2D8F8DA/WeCharge.iOS.app/WeCharge.iOS (0x10b192fc0). One of the two will be used. Which one is undefined.
MonoTouch: Could not install sigaction override, unexpected sigaction implementation.
2023-12-06 14:54:17.229122+0500 WeCharge.iOS[91579:6459425] SecTaskLoadEntitlements failed error=22 cs_flags=200, pid=91579
2023-12-06 14:54:17.229398+0500 WeCharge.iOS[91579:6459425] SecTaskCopyDebugDescription: WeCharge.iOS[91579]/0#-1 LF=0
2023-12-06 14:54:17.242147+0500 WeCharge.iOS[91579:6459425] SecTaskLoadEntitlements failed error=22 cs_flags=200, pid=91579
2023-12-06 14:54:17.242428+0500 WeCharge.iOS[91579:6459425] SecTaskCopyDebugDescription: WeCharge.iOS[91579]/0#-1 LF=0
2023-12-06 14:54:17.297294+0500 WeCharge.iOS[91579:6459516] SecTaskLoadEntitlements failed error=22 cs_flags=200, pid=91579
2023-12-06 14:54:17.297498+0500 WeCharge.iOS[91579:6459516] SecTaskCopyDebugDescription: WeCharge.iOS[91579]/0#-1 LF=0
2023-12-06 14:54:17.418397+0500 WeCharge.iOS[91579:6459425] [CoreLocation] __delegate_identifier__:Performance Diagnostics__:::____message__: This method can cause UI unresponsiveness if invoked on the main thread. Instead, consider waiting for the `-locationManagerDidChangeAuthorization:` callback and checking `authorizationStatus` first.
2023-12-06 14:54:17.447087+0500 WeCharge.iOS[91579:6459425] [CoreLocation] __delegate_identifier__:Performance Diagnostics__:::____message__: This method can cause UI unresponsiveness if invoked on the main thread. Instead, consider waiting for the `-locationManagerDidChangeAuthorization:` callback and checking `authorizationStatus` first.
2023-12-06 14:54:17.635022+0500 WeCharge.iOS[91579:6459425] SecTaskLoadEntitlements failed error=22 cs_flags=200, pid=91579
2023-12-06 14:54:17.635340+0500 WeCharge.iOS[91579:6459425] SecTaskCopyDebugDescription: WeCharge.iOS[91579]/0#-1 LF=0
2023-12-06 14:54:17.671116+0500 WeCharge.iOS[91579:6459425] [TableView] Warning once only: UITableView was told to layout its visible cells and other contents without being in the view hierarchy (the table view or one of its superviews has not been added to a window). This may cause bugs by forcing views inside the table view to load and perform layout without accurate information (e.g. table view bounds, trait collection, layout margins, safe area insets, etc), and will also cause unnecessary performance overhead due to extra layout passes. Make a symbolic breakpoint at UITableViewAlertForLayoutOutsideViewHierarchy to catch this in the debugger and see what caused this to occur, so you can avoid this action altogether if possible, or defer it until the table view has been added to a window. Table view: <_UIMoreListTableView: 0x10e0a2400; frame = (0 0; 0 0); clipsToBounds = YES; gestureRecognizers = <NSArray: 0x600000c59770>; backgroundColor = <UIDynamicSystemColor: 0x600001763a40; name = tableBackgroundColor>; layer = <CALayer: 0x600000520120>; contentOffset: {0, 0}; contentSize: {0, 0}; adjustedContentInset: {0, 0, 0, 0}; dataSource: <UIMoreListController: 0x10ed21600>>
2023-12-06 14:54:17.760159+0500 WeCharge.iOS[91579:6459425] [CoreLocation] __delegate_identifier__:Performance Diagnostics__:::____message__: This method can cause UI unresponsiveness if invoked on the main thread. Instead, consider waiting for the `-locationManagerDidChangeAuthorization:` callback and checking `authorizationStatus` first.
2023-12-06 14:54:17.771025+0500 WeCharge.iOS[91579:6459425] [CoreLocation] __delegate_identifier__:Performance Diagnostics__:::____message__: This method can cause UI unresponsiveness if invoked on the main thread. Instead, consider waiting for the `-locationManagerDidChangeAuthorization:` callback and checking `authorizationStatus` first.
2023-12-06 14:54:17.776107+0500 WeCharge.iOS[91579:6459425] [CoreLocation] __delegate_identifier__:Performance Diagnostics__:::____message__: This method can cause UI unresponsiveness if invoked on the main thread. Instead, consider waiting for the `-locationManagerDidChangeAuthorization:` callback and checking `authorizationStatus` first.
2023-12-06 14:54:17.777129+0500 WeCharge.iOS[91579:6459425] [CoreLocation] __delegate_identifier__:Performance Diagnostics__:::____message__: This method can cause UI unresponsiveness if invoked on the main thread. Instead, consider waiting for the `-locationManagerDidChangeAuthorization:` callback and checking `authorizationStatus` first.
2023-12-06 14:54:18.107865+0500 WeCharge.iOS[91579:6459425] SecTaskLoadEntitlements failed error=22 cs_flags=200, pid=91579
2023-12-06 14:54:18.108095+0500 WeCharge.iOS[91579:6459425] SecTaskCopyDebugDescription: WeCharge.iOS[91579]/0#-1 LF=0
2023-12-06 14:54:18.108299+0500 WeCharge.iOS[91579:6459425] SecTaskLoadEntitlements failed error=22 cs_flags=200, pid=91579
2023-12-06 14:54:18.108484+0500 WeCharge.iOS[91579:6459425] SecTaskCopyDebugDescription: WeCharge.iOS[91579]/0#-1 LF=0
2023-12-06 14:54:18.120730+0500 WeCharge.iOS[91579:6459425] CAMetalLayer ignoring invalid setDrawableSize width=0.000000 height=0.000000
2023-12-06 14:54:19.103856+0500 WeCharge.iOS[91579:6459597] [VKDefault] Missing MeshRenderables for ground mesh layer for (2/2) of ground tiles. Tile debug info: (Key: 1310.3166.13.255 t:33 kt:0, Has mesh errors: 0, MeshInstance count: 63, PendingMaterial count: 63, Invisible MeshInstances count: 0 | Key: 1310.3165.13.255 t:33 kt:0, Has mesh errors: 0, MeshInstance count: 538, PendingMaterial count: 538, Invisible MeshInstances count: 0)
2023-12-06 14:54:49.801697+0500 WeCharge.iOS[91579:6459425] CAMetalLayer ignoring invalid setDrawableSize width=0.000000 height=0.000000
2023-12-06 14:54:50.207387+0500 WeCharge.iOS[91579:6460428] [VKDefault] Missing MeshRenderables for ground mesh layer for (1/1) of ground tiles. Tile debug info: (Key: 2.1.2.255 t:33 kt:0, Has mesh errors: 0, MeshInstance count: 2, PendingMaterial count: 2, Invisible MeshInstances count: 0)
